
22. Printing statistics.

=== multiplier ===

   Number of wires:                167
   Number of wire bits:            188
   Number of public wires:           4
   Number of public wire bits:      25
   Number of memories:               0
   Number of memory bits:            0
   Number of processes:              0
   Number of cells:                171
     sky130_fd_sc_hd__a21bo_4        3
     sky130_fd_sc_hd__a21boi_4       2
     sky130_fd_sc_hd__a21o_4         2
     sky130_fd_sc_hd__a21oi_4        1
     sky130_fd_sc_hd__a2bb2o_4      29
     sky130_fd_sc_hd__and2_4         5
     sky130_fd_sc_hd__buf_2         14
     sky130_fd_sc_hd__dfxtp_4        8
     sky130_fd_sc_hd__inv_2         34
     sky130_fd_sc_hd__nor2_4         2
     sky130_fd_sc_hd__o21a_4         8
     sky130_fd_sc_hd__o21ai_4        2
     sky130_fd_sc_hd__o22a_4        17
     sky130_fd_sc_hd__or2_4         34
     sky130_fd_sc_hd__or3_4          1
     sky130_fd_sc_hd__or4_4          9

   Chip area for module '\multiplier': 2028.195200

