Startpoint: b[1] (input port clocked by clk)
Endpoint: _497_ (rising edge-triggered flip-flop clocked by clk)
Path Group: clk
Path Type: min

  Delay    Time   Description
---------------------------------------------------------
   0.00    0.00   clock clk (rise edge)
   0.00    0.00   clock network delay (ideal)
   2.00    2.00 ^ input external delay
   0.00    2.00 ^ b[1] (in)
   0.08    2.08 ^ _262_/X (sky130_fd_sc_hd__or4_4)
   0.01    2.09 v _489_/Y (sky130_fd_sc_hd__inv_2)
   0.00    2.09 v _497_/D (sky130_fd_sc_hd__dfxtp_4)
           2.09   data arrival time

   0.00    0.00   clock clk (rise edge)
   0.00    0.00   clock network delay (ideal)
   0.00    0.00   clock reconvergence pessimism
           0.00 ^ _497_/CLK (sky130_fd_sc_hd__dfxtp_4)
  -0.03   -0.03   library hold time
          -0.03   data required time
---------------------------------------------------------
          -0.03   data required time
          -2.09   data arrival time
---------------------------------------------------------
           2.12   slack (MET)


Startpoint: b[5] (input port clocked by clk)
Endpoint: _490_ (rising edge-triggered flip-flop clocked by clk)
Path Group: clk
Path Type: max

  Delay    Time   Description
---------------------------------------------------------
   0.00    0.00   clock clk (rise edge)
   0.00    0.00   clock network delay (ideal)
   2.00    2.00 v input external delay
   0.01    2.01 v b[5] (in)
   0.75    2.75 v _256_/X (sky130_fd_sc_hd__or3_4)
   0.69    3.45 v _260_/X (sky130_fd_sc_hd__or3_4)
   0.88    4.33 v _262_/X (sky130_fd_sc_hd__or4_4)
   0.41    4.74 v _263_/X (sky130_fd_sc_hd__o21a_4)
   0.09    4.84 ^ _264_/Y (sky130_fd_sc_hd__inv_2)
   0.25    5.09 ^ _267_/X (sky130_fd_sc_hd__and2_4)
   0.23    5.32 ^ _269_/X (sky130_fd_sc_hd__or4_4)
   0.07    5.39 v _273_/Y (sky130_fd_sc_hd__inv_2)
   0.52    5.91 v _275_/X (sky130_fd_sc_hd__a32o_4)
   0.30    6.21 v _276_/X (sky130_fd_sc_hd__and2_4)
   0.41    6.62 v _281_/X (sky130_fd_sc_hd__o21a_4)
   0.21    6.82 v _282_/X (sky130_fd_sc_hd__o21a_4)
   0.53    7.35 v _283_/X (sky130_fd_sc_hd__a211o_4)
   0.47    7.82 v _293_/X (sky130_fd_sc_hd__o22a_4)
   0.30    8.12 v _294_/X (sky130_fd_sc_hd__and2_4)
   0.41    8.53 v _298_/X (sky130_fd_sc_hd__o21a_4)
   0.39    8.92 v _300_/X (sky130_fd_sc_hd__o21a_4)
   0.62    9.54 v _301_/X (sky130_fd_sc_hd__a211o_4)
   0.09    9.63 ^ _308_/Y (sky130_fd_sc_hd__inv_2)
   0.28    9.91 ^ _309_/X (sky130_fd_sc_hd__o21a_4)
   0.11   10.02 v _310_/Y (sky130_fd_sc_hd__inv_2)
   0.47   10.50 v _329_/X (sky130_fd_sc_hd__o22a_4)
   0.45   10.94 v _332_/X (sky130_fd_sc_hd__or2_4)
   0.34   11.29 ^ _333_/X (sky130_fd_sc_hd__a21bo_4)
   0.07   11.36 v _334_/Y (sky130_fd_sc_hd__inv_2)
   0.38   11.74 v _336_/X (sky130_fd_sc_hd__o21a_4)
   0.63   12.37 v _337_/X (sky130_fd_sc_hd__or3_4)
   0.33   12.70 v _338_/X (sky130_fd_sc_hd__and3_4)
   0.47   13.17 v _339_/X (sky130_fd_sc_hd__or2_4)
   0.50   13.66 v _373_/X (sky130_fd_sc_hd__o22a_4)
   0.41   14.07 v _377_/X (sky130_fd_sc_hd__a2bb2o_4)
   0.40   14.48 v _378_/X (sky130_fd_sc_hd__o22a_4)
   0.21   14.69 ^ _379_/Y (sky130_fd_sc_hd__nor2_4)
   0.26   14.94 ^ _380_/X (sky130_fd_sc_hd__or3_4)
   0.05   14.99 v _381_/Y (sky130_fd_sc_hd__inv_2)
   0.47   15.46 v _382_/X (sky130_fd_sc_hd__or2_4)
   0.54   15.99 v _384_/X (sky130_fd_sc_hd__o32a_4)
   0.67   16.66 v _385_/X (sky130_fd_sc_hd__or3_4)
   0.26   16.92 v _386_/X (sky130_fd_sc_hd__buf_8)
   0.22   17.14 v _402_/X (sky130_fd_sc_hd__buf_8)
   0.41   17.55 ^ _404_/X (sky130_fd_sc_hd__a2bb2o_4)
   0.23   17.78 ^ _405_/X (sky130_fd_sc_hd__or2_4)
   0.45   18.23 v _406_/X (sky130_fd_sc_hd__a21bo_4)
   0.49   18.72 v _415_/X (sky130_fd_sc_hd__or2_4)
   0.45   19.17 v _416_/X (sky130_fd_sc_hd__or2_4)
   0.84   20.01 v _437_/X (sky130_fd_sc_hd__or4_4)
   0.29   20.30 v _438_/X (sky130_fd_sc_hd__o21a_4)
   0.24   20.54 v _439_/X (sky130_fd_sc_hd__buf_8)
   0.39   20.93 v _469_/X (sky130_fd_sc_hd__o22a_4)
   0.28   21.21 v _470_/X (sky130_fd_sc_hd__and2_4)
   0.34   21.55 v _471_/X (sky130_fd_sc_hd__a21o_4)
   0.32   21.87 v _472_/X (sky130_fd_sc_hd__a21o_4)
   1.02   22.88 v _481_/X (sky130_fd_sc_hd__or4_4)
   0.89   23.78 v _482_/X (sky130_fd_sc_hd__or4_4)
   0.11   23.88 ^ _488_/Y (sky130_fd_sc_hd__nand2_4)
   0.00   23.88 ^ _490_/D (sky130_fd_sc_hd__dfxtp_4)
          23.88   data arrival time

  10.00   10.00   clock clk (rise edge)
   0.00   10.00   clock network delay (ideal)
   0.00   10.00   clock reconvergence pessimism
          10.00 ^ _490_/CLK (sky130_fd_sc_hd__dfxtp_4)
  -0.15    9.85   library setup time
           9.85   data required time
---------------------------------------------------------
           9.85   data required time
         -23.88   data arrival time
---------------------------------------------------------
         -14.03   slack (VIOLATED)


